#
# There is insufficient memory for the Java Runtime Environment to continue.
# Native memory allocation (malloc) failed to allocate 1048576 bytes for AllocateHeap
# Possible reasons:
#   The system is out of physical RAM or swap space
#   The process is running with CompressedOops enabled, and the Java Heap may be blocking the growth of the native heap
# Possible solutions:
#   Reduce memory load on the system
#   Increase physical memory or swap space
#   Check if swap backing store is full
#   Decrease Java heap size (-Xmx/-Xms)
#   Decrease number of Java threads
#   Decrease Java thread stack sizes (-Xss)
#   Set larger code cache with -XX:ReservedCodeCacheSize=
#   JVM is running with Zero Based Compressed Oops mode in which the Java heap is
#     placed in the first 32GB address space. The Java Heap base address is the
#     maximum limit for the native heap growth. Please use -XX:HeapBaseMinAddress
#     to set the Java Heap base and to place the Java Heap above 32GB virtual address.
# This output file may be truncated or incomplete.
#
#  Out of Memory Error (allocation.cpp:44), pid=56428, tid=59904
#
# JRE version:  (17.0.9+7) (build )
# Java VM: OpenJDK 64-Bit Server VM (17.0.9+7-b1087.9, mixed mode, sharing, tiered, compressed oops, compressed class ptrs, g1 gc, windows-amd64)
# No core dump will be written. Minidumps are not enabled by default on client versions of Windows
#

---------------  S U M M A R Y ------------

Command Line: git4idea.http.GitAskPassApp Username for 'https://codehub.devcloud.cn-north-4.huaweicloud.com': 

Host: 12th Gen Intel(R) Core(TM) i7-12700H, 20 cores, 15G,  Windows 11 , 64 bit Build 26100 (10.0.26100.3323)
Time: Wed Apr  2 08:37:23 2025  Windows 11 , 64 bit Build 26100 (10.0.26100.3323) elapsed time: 1.018441 seconds (0d 0h 0m 1s)

---------------  T H R E A D  ---------------

Current thread (0x000001baee3b0790):  JavaThread "Unknown thread" [_thread_in_vm, id=59904, stack(0x0000008fc3f00000,0x0000008fc4000000)]

Stack: [0x0000008fc3f00000,0x0000008fc4000000]
Native frames: (J=compiled Java code, j=interpreted, Vv=VM code, C=native code)
V  [jvm.dll+0x688349]
V  [jvm.dll+0x841bfa]
V  [jvm.dll+0x84383e]
V  [jvm.dll+0x843ea3]
V  [jvm.dll+0x24bdef]
V  [jvm.dll+0xa6b5b]
V  [jvm.dll+0x2ebc77]
V  [jvm.dll+0x2e390b]
V  [jvm.dll+0x812771]
V  [jvm.dll+0x371d41]
V  [jvm.dll+0x7f12bc]
V  [jvm.dll+0x3f59cf]
V  [jvm.dll+0x3f7601]
C  [jli.dll+0x528f]
C  [ucrtbase.dll+0x37b0]
C  [KERNEL32.DLL+0x2e8d7]
C  [ntdll.dll+0xbbf6c]


---------------  P R O C E S S  ---------------

Threads class SMR info:
_java_thread_list=0x00007ff8817bdf18, length=0, elements={
}

Java Threads: ( => current thread )

Other Threads:
  0x000001baee41d370 GCTaskThread "GC Thread#0" [stack: 0x0000008fc4000000,0x0000008fc4100000] [id=58720]

[error occurred during error reporting (printing all threads), id 0xc0000005, EXCEPTION_ACCESS_VIOLATION (0xc0000005) at pc=0x00007ff880f70bc0]

VM state: not at safepoint (not fully initialized)

VM Mutex/Monitor currently owned by a thread:  ([mutex/lock_event])
[0x000001baec88ae80] Heap_lock - owner thread: 0x000001baee3b0790

Heap address: 0x0000000703200000, size: 4046 MB, Compressed Oops mode: Zero based, Oop shift amount: 3

CDS archive(s) mapped at: [0x0000000000000000-0x0000000000000000-0x0000000000000000), size 0, SharedBaseAddress: 0x0000000800000000, ArchiveRelocationMode: 1.
Narrow klass base: 0x0000000000000000, Narrow klass shift: 0, Narrow klass range: 0x0

GC Precious Log:
<Empty>

Heap:
 garbage-first heap   total 0K, used 0K [0x0000000703200000, 0x0000000800000000)
  region size 2048K, 0 young (0K), 0 survivors (0K)
 Metaspace       used 0K, committed 0K, reserved 0K
  class space    used 0K, committed 0K, reserved 0K

Heap Regions: E=young(eden), S=young(survivor), O=old, HS=humongous(starts), HC=humongous(continues), CS=collection set, F=free, OA=open archive, CA=closed archive, TAMS=top-at-mark-start (previous, next)

Card table byte_map: [0x000001baf35d0000,0x000001baf3dc0000] _byte_map_base: 0x000001baefdb7000

GC Heap History (0 events):
No events

Dll operation events (1 events):
Event: 0.009 Loaded shared library F:\idea\IntelliJ IDEA 2023.3.2\jbr\bin\java.dll

Deoptimization events (0 events):
No events

Classes unloaded (0 events):
No events

Classes redefined (0 events):
No events

Internal exceptions (0 events):
No events

VM Operations (0 events):
No events

Events (0 events):
No events


Dynamic libraries:
0x00007ff7b6600000 - 0x00007ff7b660a000 	F:\idea\IntelliJ IDEA 2023.3.2\jbr\bin\java.exe
0x00007ff925dc0000 - 0x00007ff926023000 	C:\WINDOWS\SYSTEM32\ntdll.dll
0x00007ff9248c0000 - 0x00007ff924987000 	C:\WINDOWS\System32\KERNEL32.DLL
0x00007ff923810000 - 0x00007ff923bd9000 	C:\WINDOWS\System32\KERNELBASE.dll
0x00007ff923610000 - 0x00007ff92375c000 	C:\WINDOWS\System32\ucrtbase.dll
0x00007ff91d9f0000 - 0x00007ff91da07000 	F:\idea\IntelliJ IDEA 2023.3.2\jbr\bin\jli.dll
0x00007ff923be0000 - 0x00007ff923daa000 	C:\WINDOWS\System32\USER32.dll
0x00007ff923310000 - 0x00007ff923337000 	C:\WINDOWS\System32\win32u.dll
0x00007ff9251f0000 - 0x00007ff92521a000 	C:\WINDOWS\System32\GDI32.dll
0x00007ff908790000 - 0x00007ff908a20000 	C:\WINDOWS\WinSxS\amd64_microsoft.windows.common-controls_6595b64144ccf1df_6.0.26100.3323_none_3e088096e3344490\COMCTL32.dll
0x00007ff922fc0000 - 0x00007ff9230f1000 	C:\WINDOWS\System32\gdi32full.dll
0x00007ff923760000 - 0x00007ff923803000 	C:\WINDOWS\System32\msvcp_win.dll
0x00007ff924c30000 - 0x00007ff924cd9000 	C:\WINDOWS\System32\msvcrt.dll
0x00007ff904ec0000 - 0x00007ff904edb000 	F:\idea\IntelliJ IDEA 2023.3.2\jbr\bin\VCRUNTIME140.dll
0x00007ff925d40000 - 0x00007ff925d6f000 	C:\WINDOWS\System32\IMM32.DLL
0x00007ff91ef50000 - 0x00007ff91ef5c000 	F:\idea\IntelliJ IDEA 2023.3.2\jbr\bin\vcruntime140_1.dll
0x00007ff8ce320000 - 0x00007ff8ce3ad000 	F:\idea\IntelliJ IDEA 2023.3.2\jbr\bin\msvcp140.dll
0x00007ff880c80000 - 0x00007ff881902000 	F:\idea\IntelliJ IDEA 2023.3.2\jbr\bin\server\jvm.dll
0x00007ff924ef0000 - 0x00007ff924fa2000 	C:\WINDOWS\System32\ADVAPI32.dll
0x00007ff9250b0000 - 0x00007ff925156000 	C:\WINDOWS\System32\sechost.dll
0x00007ff925220000 - 0x00007ff925336000 	C:\WINDOWS\System32\RPCRT4.dll
0x00007ff91ef10000 - 0x00007ff91ef1a000 	C:\WINDOWS\SYSTEM32\WSOCK32.dll
0x00007ff9124a0000 - 0x00007ff9124d6000 	C:\WINDOWS\SYSTEM32\WINMM.dll
0x00007ff91b640000 - 0x00007ff91b64b000 	C:\WINDOWS\SYSTEM32\VERSION.dll
0x00007ff922c90000 - 0x00007ff922cde000 	C:\WINDOWS\SYSTEM32\POWRPROF.dll
0x00007ff925030000 - 0x00007ff9250a4000 	C:\WINDOWS\System32\WS2_32.dll
0x00007ff922c70000 - 0x00007ff922c84000 	C:\WINDOWS\SYSTEM32\UMPDC.dll
0x00007ff921da0000 - 0x00007ff921dba000 	C:\WINDOWS\SYSTEM32\kernel.appcore.dll
0x00007ff91db60000 - 0x00007ff91db6a000 	F:\idea\IntelliJ IDEA 2023.3.2\jbr\bin\jimage.dll
0x00007ff920480000 - 0x00007ff9206c1000 	C:\WINDOWS\SYSTEM32\DBGHELP.DLL
0x00007ff923f50000 - 0x00007ff9242d2000 	C:\WINDOWS\System32\combase.dll
0x00007ff925c40000 - 0x00007ff925d16000 	C:\WINDOWS\System32\OLEAUT32.dll
0x00007ff8f5750000 - 0x00007ff8f5789000 	C:\WINDOWS\SYSTEM32\dbgcore.DLL
0x00007ff923340000 - 0x00007ff9233d9000 	C:\WINDOWS\System32\bcryptPrimitives.dll
0x00007ff91c140000 - 0x00007ff91c165000 	F:\idea\IntelliJ IDEA 2023.3.2\jbr\bin\java.dll

dbghelp: loaded successfully - version: 4.0.5 - missing functions: none
symbol engine: initialized successfully - sym options: 0x614 - pdb path: .;F:\idea\IntelliJ IDEA 2023.3.2\jbr\bin;C:\WINDOWS\SYSTEM32;C:\WINDOWS\WinSxS\amd64_microsoft.windows.common-controls_6595b64144ccf1df_6.0.26100.3323_none_3e088096e3344490;F:\idea\IntelliJ IDEA 2023.3.2\jbr\bin\server

VM Arguments:
java_command: git4idea.http.GitAskPassApp Username for 'https://codehub.devcloud.cn-north-4.huaweicloud.com': 
java_class_path (initial): F:/idea/IntelliJ IDEA 2023.3.2/plugins/vcs-git/lib/git4idea-rt.jar;F:/idea/IntelliJ IDEA 2023.3.2/lib/externalProcess-rt.jar
Launcher Type: SUN_STANDARD

[Global flags]
     intx CICompilerCount                          = 12                                        {product} {ergonomic}
     uint ConcGCThreads                            = 4                                         {product} {ergonomic}
     uint G1ConcRefinementThreads                  = 15                                        {product} {ergonomic}
   size_t G1HeapRegionSize                         = 2097152                                   {product} {ergonomic}
    uintx GCDrainStackTargetSize                   = 64                                        {product} {ergonomic}
   size_t InitialHeapSize                          = 266338304                                 {product} {ergonomic}
   size_t MarkStackSize                            = 4194304                                   {product} {ergonomic}
   size_t MaxHeapSize                              = 4242538496                                {product} {ergonomic}
   size_t MinHeapDeltaBytes                        = 2097152                                   {product} {ergonomic}
   size_t MinHeapSize                              = 8388608                                   {product} {ergonomic}
    uintx NonNMethodCodeHeapSize                   = 7602480                                {pd product} {ergonomic}
    uintx NonProfiledCodeHeapSize                  = 122027880                              {pd product} {ergonomic}
    uintx ProfiledCodeHeapSize                     = 122027880                              {pd product} {ergonomic}
    uintx ReservedCodeCacheSize                    = 251658240                              {pd product} {ergonomic}
     bool SegmentedCodeCache                       = true                                      {product} {ergonomic}
   size_t SoftMaxHeapSize                          = 4242538496                             {manageable} {ergonomic}
     bool UseCompressedClassPointers               = true                           {product lp64_product} {ergonomic}
     bool UseCompressedOops                        = true                           {product lp64_product} {ergonomic}
     bool UseG1GC                                  = true                                      {product} {ergonomic}
     bool UseLargePagesIndividualAllocation        = false                                  {pd product} {ergonomic}

Logging:
Log output configuration:
 #0: stdout all=warning uptime,level,tags
 #1: stderr all=off uptime,level,tags

Environment Variables:
JAVA_HOME=F:\jd
CLASSPATH=F:\lingo\Lingo18.jar
PATH=D:\APPS\git\Git\mingw64\libexec\git-core;D:\APPS\git\Git\mingw64\libexec\git-core;D:\APPS\git\Git\mingw64\bin;D:\APPS\git\Git\usr\bin;C:\Users\戴吉程\bin;C:\ProgramData\Oracle\Java\javapath;C:\Program Files\Common Files\Oracle\Java\javapath;C:\Program Files\NVIDIA GPU Computing Toolkit\CUDA\v12.3\bin;C:\Program Files\NVIDIA GPU Computing Toolkit\CUDA\v12.3\libnvvp;E:\bin;C:\Windows\system32;C:\Windows;C:\Windows\System32\Wbem;C:\Windows\System32\WindowsPowerShell\v1.0;C:\Windows\System32\OpenSSH;C:\Program Files (x86)\NVIDIA Corporation\PhysX\Common;C:\Program Files\NVIDIA Corporation\NVIDIA NvDLISR;C:\WINDOWS\system32;C:\WINDOWS;C:\WINDOWS\System32\Wbem;C:\WINDOWS\System32\WindowsPowerShell\v1.0;C:\WINDOWS\System32\OpenSSH;D:\APPS\MinGW\mingw64\bin;D:\APPS\Vscode\Microsoft VS Code\bin;D:\texlive\2023\bin\windows;D:\Program Files\Polyspace\R2021a\runtime\win64;D:\Program Files\Polyspace\R2021a\bin;D:\Program Files\Polyspace\R2021a\polyspace\bin;C:\Program Files\dotnet;C:\Program Files (x86)\Windows Kits\10\Windows Performance Toolkit;D:\APPS\texlive\2024\bin\windows;D:\APPS\git\Git\cmd;C:\Program Files\NVIDIA Corporation\Nsight Compute 2023.3.0;D:\APPS\Anaconda;D:\APPS\Anaconda\Scripts;D:\APPS\Anaconda\Library\bin;D:\APPS\Anaconda\Library\mingw-w64\bin;D:\APPS\Anaconda\Library\usr\bin;F:\SQL\MySQL Server 8.0\bin;F:\maven\apache-maven-3.9.7\bin;F:\jd\bin;F:\SQL\Mic SQL Server\160\Tools\Binn;C:\Program Files\Microsoft SQL Server\160\Tools\Binn;C:\Program Files\Microsoft SQL Server\Client SDK\ODBC\170\Tools\Binn;C:\Program Files\Microsoft SQL Server\160\DTS\Binn;F:\SQL\Mic SQL Server\160\DTS\Binn;F:\mongoDB\bin;F:\redies;F:\easymock\easy-mock-master\node_modules\.bin;F:\vxbuilder\微信web开发者工具\dll;F:\MySQL\MySQL Server 8.0\bin;F:\lingo;F:\MinZin\MiniZinc;F:\quartus\quartus\bin;E:\mysql5.7\mysql-5.7.37-winx64\bin;F:\nod\node_global\node_modules;F:\nod;F:\nod\node_global;C:\Users\戴吉程\AppData\Roaming\npm;E:\go\bin;E:\Banzip\Bandizip;D:\Scripts;D:\;D:\APPS\python\
USERNAME=戴吉程
DISPLAY=:0.0
LC_ALL=en_US.UTF-8
TERM=xterm-256color
TMPDIR=C:\WINDOWS\TEMP
OS=Windows_NT
PROCESSOR_IDENTIFIER=Intel64 Family 6 Model 154 Stepping 3, GenuineIntel
TMP=C:\WINDOWS\TEMP
TEMP=C:\WINDOWS\TEMP



Periodic native trim disabled

JNI global refs:
JNI global refs: 0, weak refs: 0

JNI global refs memory usage: 0, weak refs: 0

OOME stack traces (most recent first):
Classloader memory used:


---------------  S Y S T E M  ---------------

OS:
 Windows 11 , 64 bit Build 26100 (10.0.26100.3323)
OS uptime: 2 days 13:11 hours
Hyper-V role detected

CPU: total 20 (initial active 20) (10 cores per cpu, 2 threads per core) family 6 model 154 stepping 3 microcode 0x413, cx8, cmov, fxsr, ht, mmx, 3dnowpref, sse, sse2, sse3, ssse3, sse4.1, sse4.2, popcnt, lzcnt, tsc, tscinvbit, avx, avx2, aes, erms, clmul, bmi1, bmi2, adx, sha, fma, vzeroupper, clflush, clflushopt, clwb, hv
Processor Information for processor 0
  Max Mhz: 2300, Current Mhz: 1506, Mhz Limit: 2300
Processor Information for processor 1
  Max Mhz: 2300, Current Mhz: 2300, Mhz Limit: 2300
Processor Information for processor 2
  Max Mhz: 2300, Current Mhz: 2300, Mhz Limit: 2300
Processor Information for processor 3
  Max Mhz: 2300, Current Mhz: 2300, Mhz Limit: 2300
Processor Information for processor 4
  Max Mhz: 2300, Current Mhz: 2300, Mhz Limit: 2300
Processor Information for processor 5
  Max Mhz: 2300, Current Mhz: 2300, Mhz Limit: 2300
Processor Information for processor 6
  Max Mhz: 2300, Current Mhz: 2300, Mhz Limit: 2300
Processor Information for processor 7
  Max Mhz: 2300, Current Mhz: 2300, Mhz Limit: 2300
Processor Information for processor 8
  Max Mhz: 2300, Current Mhz: 2300, Mhz Limit: 2300
Processor Information for processor 9
  Max Mhz: 2300, Current Mhz: 2300, Mhz Limit: 2300
Processor Information for processor 10
  Max Mhz: 2300, Current Mhz: 2300, Mhz Limit: 2300
Processor Information for processor 11
  Max Mhz: 2300, Current Mhz: 1506, Mhz Limit: 2300
Processor Information for processor 12
  Max Mhz: 2300, Current Mhz: 1500, Mhz Limit: 1679
Processor Information for processor 13
  Max Mhz: 2300, Current Mhz: 1500, Mhz Limit: 1679
Processor Information for processor 14
  Max Mhz: 2300, Current Mhz: 1700, Mhz Limit: 1679
Processor Information for processor 15
  Max Mhz: 2300, Current Mhz: 1700, Mhz Limit: 1679
Processor Information for processor 16
  Max Mhz: 2300, Current Mhz: 1700, Mhz Limit: 1679
Processor Information for processor 17
  Max Mhz: 2300, Current Mhz: 1700, Mhz Limit: 1679
Processor Information for processor 18
  Max Mhz: 2300, Current Mhz: 1500, Mhz Limit: 1679
Processor Information for processor 19
  Max Mhz: 2300, Current Mhz: 1700, Mhz Limit: 1679

Memory: 4k page, system-wide physical 16176M (1516M free)
TotalPageFile size 47224M (AvailPageFile size 12M)
current process WorkingSet (physical memory assigned to process): 12M, peak: 12M
current process commit charge ("private bytes"): 60M, peak: 60M

vm_info: OpenJDK 64-Bit Server VM (17.0.9+7-b1087.9) for windows-amd64 JRE (17.0.9+7-b1087.9), built on 2023-12-05 by "builduser" with MS VC++ 16.10 / 16.11 (VS2019)

END.
